<?xml version="1.0" encoding="UTF-8"?>
<!-- Generated by org.testng.reporters.JUnitReportReporter -->
<testsuite hostname="DESKTOP-5327J1V" name="com.selenium.testscripts.PetstoreTest" tests="1" failures="0" timestamp="8 Dec 2017 02:33:57 GMT" time="22.097" errors="0">
  <testcase name="addPetstore" time="22.097" classname="com.selenium.testscripts.PetstoreTest"/>
</testsuite> <!-- com.selenium.testscripts.PetstoreTest -->
